<?xml version="1.0" encoding="utf-8"?><testsuites><testsuite name="pytest" errors="0" failures="0" skipped="0" tests="3" time="119.065" timestamp="2024-08-07T10:22:06.539734-04:00" hostname="DESKTOP-BAEM79Q"><testcase classname="test_HomePage.TestHomePage" name="test_formSubmission[getData0]" time="60.606" /><testcase classname="test_HomePage.TestHomePage" name="test_formSubmission[getData1]" time="9.358" /><testcase classname="test_e2e.TestOne" name="test_e2e" time="47.034" /></testsuite></testsuites>